  Capsula.cpp
  Cohete.cpp
  ManelRoc-ActividadCohete.cpp
C:\Users\vedrunavall\Documents\GitHub\ManelRoc-ActividadCohete\ManelRoc-ActividadCohete\ManelRoc-ActividadCohete\Cohete.h(22,2): error C4430: falta el especificador de tipo; se presupone int. Nota: C++ no admite default-int
  (compilando archivo de origen "Cohete.cpp")
  
C:\Users\vedrunavall\Documents\GitHub\ManelRoc-ActividadCohete\ManelRoc-ActividadCohete\ManelRoc-ActividadCohete\Cohete.h(22,2): warning C4183: 'EliminarCap': falta el tipo de valor devuelto; se supone que se trata de una función miembro que devuelve 'int'
  (compilando archivo de origen "Cohete.cpp")
  
C:\Users\vedrunavall\Documents\GitHub\ManelRoc-ActividadCohete\ManelRoc-ActividadCohete\ManelRoc-ActividadCohete\Cohete.h(23,2): error C4430: falta el especificador de tipo; se presupone int. Nota: C++ no admite default-int
  (compilando archivo de origen "Cohete.cpp")
  
C:\Users\vedrunavall\Documents\GitHub\ManelRoc-ActividadCohete\ManelRoc-ActividadCohete\ManelRoc-ActividadCohete\Cohete.h(23,2): warning C4183: 'TransferirCap': falta el tipo de valor devuelto; se supone que se trata de una función miembro que devuelve 'int'
  (compilando archivo de origen "Cohete.cpp")
  
C:\Users\vedrunavall\Documents\GitHub\ManelRoc-ActividadCohete\ManelRoc-ActividadCohete\ManelRoc-ActividadCohete\Cohete.h(24,2): error C4430: falta el especificador de tipo; se presupone int. Nota: C++ no admite default-int
  (compilando archivo de origen "Cohete.cpp")
  
C:\Users\vedrunavall\Documents\GitHub\ManelRoc-ActividadCohete\ManelRoc-ActividadCohete\ManelRoc-ActividadCohete\Cohete.h(24,2): warning C4183: 'ValidarViaje': falta el tipo de valor devuelto; se supone que se trata de una función miembro que devuelve 'int'
  (compilando archivo de origen "Cohete.cpp")
  
C:\Users\vedrunavall\Documents\GitHub\ManelRoc-ActividadCohete\ManelRoc-ActividadCohete\ManelRoc-ActividadCohete\Cohete.h(25,2): error C4430: falta el especificador de tipo; se presupone int. Nota: C++ no admite default-int
  (compilando archivo de origen "Cohete.cpp")
  
C:\Users\vedrunavall\Documents\GitHub\ManelRoc-ActividadCohete\ManelRoc-ActividadCohete\ManelRoc-ActividadCohete\Cohete.h(25,2): warning C4183: 'Viajar': falta el tipo de valor devuelto; se supone que se trata de una función miembro que devuelve 'int'
  (compilando archivo de origen "Cohete.cpp")
  
C:\Users\vedrunavall\Documents\GitHub\ManelRoc-ActividadCohete\ManelRoc-ActividadCohete\ManelRoc-ActividadCohete\Cohete.h(26,2): error C4430: falta el especificador de tipo; se presupone int. Nota: C++ no admite default-int
  (compilando archivo de origen "Cohete.cpp")
  
C:\Users\vedrunavall\Documents\GitHub\ManelRoc-ActividadCohete\ManelRoc-ActividadCohete\ManelRoc-ActividadCohete\Cohete.h(26,2): warning C4183: 'Cargar': falta el tipo de valor devuelto; se supone que se trata de una función miembro que devuelve 'int'
  (compilando archivo de origen "Cohete.cpp")
  
C:\Users\vedrunavall\Documents\GitHub\ManelRoc-ActividadCohete\ManelRoc-ActividadCohete\ManelRoc-ActividadCohete\Cohete.cpp(3,9): error C4430: falta el especificador de tipo; se presupone int. Nota: C++ no admite default-int
C:\Users\vedrunavall\Documents\GitHub\ManelRoc-ActividadCohete\ManelRoc-ActividadCohete\ManelRoc-ActividadCohete\Cohete.cpp(3,9): error C2556: 'int Cohete::AgregarCap(void)': la función sobrecargada solo se diferencia de 'void Cohete::AgregarCap(void)' por el tipo de valor devuelto
      C:\Users\vedrunavall\Documents\GitHub\ManelRoc-ActividadCohete\ManelRoc-ActividadCohete\ManelRoc-ActividadCohete\Cohete.h(21,7):
      vea la declaración de 'Cohete::AgregarCap'
  
C:\Users\vedrunavall\Documents\GitHub\ManelRoc-ActividadCohete\ManelRoc-ActividadCohete\ManelRoc-ActividadCohete\Cohete.cpp(3,9): error C2371: 'Cohete::AgregarCap': nueva definición; tipos básicos distintos
      C:\Users\vedrunavall\Documents\GitHub\ManelRoc-ActividadCohete\ManelRoc-ActividadCohete\ManelRoc-ActividadCohete\Cohete.h(21,7):
      vea la declaración de 'Cohete::AgregarCap'
  
C:\Users\vedrunavall\Documents\GitHub\ManelRoc-ActividadCohete\ManelRoc-ActividadCohete\ManelRoc-ActividadCohete\Cohete.h(22,2): error C4430: falta el especificador de tipo; se presupone int. Nota: C++ no admite default-int
  (compilando archivo de origen "ManelRoc-ActividadCohete.cpp")
  
C:\Users\vedrunavall\Documents\GitHub\ManelRoc-ActividadCohete\ManelRoc-ActividadCohete\ManelRoc-ActividadCohete\Cohete.h(22,2): warning C4183: 'EliminarCap': falta el tipo de valor devuelto; se supone que se trata de una función miembro que devuelve 'int'
  (compilando archivo de origen "ManelRoc-ActividadCohete.cpp")
  
C:\Users\vedrunavall\Documents\GitHub\ManelRoc-ActividadCohete\ManelRoc-ActividadCohete\ManelRoc-ActividadCohete\Cohete.h(23,2): error C4430: falta el especificador de tipo; se presupone int. Nota: C++ no admite default-int
  (compilando archivo de origen "ManelRoc-ActividadCohete.cpp")
  
C:\Users\vedrunavall\Documents\GitHub\ManelRoc-ActividadCohete\ManelRoc-ActividadCohete\ManelRoc-ActividadCohete\Cohete.h(23,2): warning C4183: 'TransferirCap': falta el tipo de valor devuelto; se supone que se trata de una función miembro que devuelve 'int'
  (compilando archivo de origen "ManelRoc-ActividadCohete.cpp")
  
C:\Users\vedrunavall\Documents\GitHub\ManelRoc-ActividadCohete\ManelRoc-ActividadCohete\ManelRoc-ActividadCohete\Cohete.h(24,2): error C4430: falta el especificador de tipo; se presupone int. Nota: C++ no admite default-int
  (compilando archivo de origen "ManelRoc-ActividadCohete.cpp")
  
C:\Users\vedrunavall\Documents\GitHub\ManelRoc-ActividadCohete\ManelRoc-ActividadCohete\ManelRoc-ActividadCohete\Cohete.h(24,2): warning C4183: 'ValidarViaje': falta el tipo de valor devuelto; se supone que se trata de una función miembro que devuelve 'int'
  (compilando archivo de origen "ManelRoc-ActividadCohete.cpp")
  
C:\Users\vedrunavall\Documents\GitHub\ManelRoc-ActividadCohete\ManelRoc-ActividadCohete\ManelRoc-ActividadCohete\Cohete.h(25,2): error C4430: falta el especificador de tipo; se presupone int. Nota: C++ no admite default-int
  (compilando archivo de origen "ManelRoc-ActividadCohete.cpp")
  
C:\Users\vedrunavall\Documents\GitHub\ManelRoc-ActividadCohete\ManelRoc-ActividadCohete\ManelRoc-ActividadCohete\Cohete.h(25,2): warning C4183: 'Viajar': falta el tipo de valor devuelto; se supone que se trata de una función miembro que devuelve 'int'
  (compilando archivo de origen "ManelRoc-ActividadCohete.cpp")
  
C:\Users\vedrunavall\Documents\GitHub\ManelRoc-ActividadCohete\ManelRoc-ActividadCohete\ManelRoc-ActividadCohete\Cohete.h(26,2): error C4430: falta el especificador de tipo; se presupone int. Nota: C++ no admite default-int
  (compilando archivo de origen "ManelRoc-ActividadCohete.cpp")
  
C:\Users\vedrunavall\Documents\GitHub\ManelRoc-ActividadCohete\ManelRoc-ActividadCohete\ManelRoc-ActividadCohete\Cohete.h(26,2): warning C4183: 'Cargar': falta el tipo de valor devuelto; se supone que se trata de una función miembro que devuelve 'int'
  (compilando archivo de origen "ManelRoc-ActividadCohete.cpp")
  
  MapController.cpp
  Generando código...
